<?xml version="1.0" encoding="UTF-8"?>
<coverage generated="1654642066707" clover="3.2.0">
  <project timestamp="1654642066707" name="All files">
    <metrics statements="148" coveredstatements="47" conditionals="74" coveredconditionals="7" methods="48" coveredmethods="22" elements="270" coveredelements="76" complexity="0" loc="148" ncloc="148" packages="1" files="10" classes="10"/>
    <file name="App.js" path="/Users/simonloik/careerfoundry/meet/src/App.js">
      <metrics statements="13" coveredstatements="13" conditionals="4" coveredconditionals="4" methods="8" coveredmethods="7"/>
      <line num="9" count="3" type="stmt"/>
      <line num="14" count="8" type="stmt"/>
      <line num="21" count="8" type="stmt"/>
      <line num="22" count="8" type="stmt"/>
      <line num="23" count="8" type="cond" truecount="2" falsecount="0"/>
      <line num="24" count="5" type="stmt"/>
      <line num="29" count="5" type="stmt"/>
      <line num="32" count="8" type="stmt"/>
      <line num="33" count="3" type="stmt"/>
      <line num="34" count="3" type="cond" truecount="2" falsecount="0"/>
      <line num="36" count="4" type="stmt"/>
      <line num="37" count="3" type="stmt"/>
      <line num="44" count="16" type="stmt"/>
    </file>
    <file name="CitySearch.js" path="/Users/simonloik/careerfoundry/meet/src/CitySearch.js">
      <metrics statements="14" coveredstatements="14" conditionals="2" coveredconditionals="2" methods="8" coveredmethods="8"/>
      <line num="4" count="9" type="stmt"/>
      <line num="10" count="9" type="stmt"/>
      <line num="11" count="4" type="stmt"/>
      <line num="12" count="4" type="stmt"/>
      <line num="13" count="8" type="stmt"/>
      <line num="15" count="4" type="stmt"/>
      <line num="21" count="9" type="stmt"/>
      <line num="22" count="5" type="stmt"/>
      <line num="27" count="5" type="stmt"/>
      <line num="31" count="32" type="stmt"/>
      <line num="38" count="1" type="stmt"/>
      <line num="42" count="21" type="stmt"/>
      <line num="45" count="3" type="stmt"/>
      <line num="48" count="1" type="stmt"/>
    </file>
    <file name="Event.js" path="/Users/simonloik/careerfoundry/meet/src/Event.js">
      <metrics statements="2" coveredstatements="2" conditionals="0" coveredconditionals="0" methods="1" coveredmethods="1"/>
      <line num="5" count="12" type="stmt"/>
      <line num="6" count="12" type="stmt"/>
    </file>
    <file name="EventList.js" path="/Users/simonloik/careerfoundry/meet/src/EventList.js">
      <metrics statements="3" coveredstatements="3" conditionals="0" coveredconditionals="0" methods="2" coveredmethods="2"/>
      <line num="6" count="15" type="stmt"/>
      <line num="7" count="15" type="stmt"/>
      <line num="10" count="14" type="stmt"/>
    </file>
    <file name="NumberOfEvents.js" path="/Users/simonloik/careerfoundry/meet/src/NumberOfEvents.js">
      <metrics statements="1" coveredstatements="1" conditionals="0" coveredconditionals="0" methods="1" coveredmethods="1"/>
      <line num="7" count="15" type="stmt"/>
    </file>
    <file name="api.js" path="/Users/simonloik/careerfoundry/meet/src/api.js">
      <metrics statements="54" coveredstatements="13" conditionals="24" coveredconditionals="1" methods="9" coveredmethods="3"/>
      <line num="14" count="5" type="stmt"/>
      <line num="15" count="18" type="stmt"/>
      <line num="16" count="9" type="stmt"/>
      <line num="17" count="9" type="stmt"/>
      <line num="20" count="5" type="stmt"/>
      <line num="21" count="0" type="stmt"/>
      <line num="24" count="0" type="stmt"/>
      <line num="26" count="0" type="stmt"/>
      <line num="29" count="0" type="stmt"/>
      <line num="32" count="5" type="stmt"/>
      <line num="33" count="0" type="cond" truecount="0" falsecount="4"/>
      <line num="35" count="0" type="stmt"/>
      <line num="39" count="0" type="stmt"/>
      <line num="41" count="0" type="stmt"/>
      <line num="42" count="0" type="stmt"/>
      <line num="46" count="5" type="stmt"/>
      <line num="47" count="13" type="stmt"/>
      <line num="49" count="13" type="cond" truecount="1" falsecount="1"/>
      <line num="50" count="13" type="stmt"/>
      <line num="51" count="13" type="stmt"/>
      <line num="54" count="0" type="stmt"/>
      <line num="56" count="0" type="cond" truecount="0" falsecount="2"/>
      <line num="57" count="0" type="stmt"/>
      <line num="58" count="0" type="stmt"/>
      <line num="59" count="0" type="stmt"/>
      <line num="60" count="0" type="cond" truecount="0" falsecount="2"/>
      <line num="61" count="0" type="stmt"/>
      <line num="62" count="0" type="stmt"/>
      <line num="63" count="0" type="stmt"/>
      <line num="65" count="0" type="stmt"/>
      <line num="66" count="0" type="stmt"/>
      <line num="70" count="5" type="stmt"/>
      <line num="71" count="0" type="stmt"/>
      <line num="72" count="0" type="cond" truecount="0" falsecount="2"/>
      <line num="74" count="0" type="cond" truecount="0" falsecount="4"/>
      <line num="75" count="0" type="stmt"/>
      <line num="76" count="0" type="stmt"/>
      <line num="77" count="0" type="stmt"/>
      <line num="78" count="0" type="cond" truecount="0" falsecount="2"/>
      <line num="79" count="0" type="stmt"/>
      <line num="82" count="0" type="stmt"/>
      <line num="83" count="0" type="stmt"/>
      <line num="85" count="0" type="cond" truecount="0" falsecount="2"/>
      <line num="87" count="0" type="stmt"/>
      <line num="92" count="5" type="stmt"/>
      <line num="93" count="0" type="stmt"/>
      <line num="94" count="0" type="stmt"/>
      <line num="95" count="0" type="stmt"/>
      <line num="96" count="0" type="cond" truecount="0" falsecount="2"/>
      <line num="97" count="0" type="stmt"/>
      <line num="100" count="0" type="stmt"/>
      <line num="101" count="0" type="cond" truecount="0" falsecount="2"/>
      <line num="102" count="0" type="stmt"/>
      <line num="104" count="0" type="stmt"/>
    </file>
    <file name="index.js" path="/Users/simonloik/careerfoundry/meet/src/index.js">
      <metrics statements="5" coveredstatements="0" conditionals="0" coveredconditionals="0" methods="0" coveredmethods="0"/>
      <line num="8" count="0" type="stmt"/>
      <line num="9" count="0" type="stmt"/>
      <line num="10" count="0" type="stmt"/>
      <line num="19" count="0" type="stmt"/>
      <line num="24" count="0" type="stmt"/>
    </file>
    <file name="mock-data.js" path="/Users/simonloik/careerfoundry/meet/src/mock-data.js">
      <metrics statements="1" coveredstatements="1" conditionals="0" coveredconditionals="0" methods="0" coveredmethods="0"/>
      <line num="1" count="5" type="stmt"/>
    </file>
    <file name="service-worker.js" path="/Users/simonloik/careerfoundry/meet/src/service-worker.js">
      <metrics statements="16" coveredstatements="0" conditionals="12" coveredconditionals="0" methods="3" coveredmethods="0"/>
      <line num="16" count="0" type="stmt"/>
      <line num="22" count="0" type="stmt"/>
      <line num="27" count="0" type="stmt"/>
      <line num="28" count="0" type="stmt"/>
      <line num="32" count="0" type="cond" truecount="0" falsecount="2"/>
      <line num="33" count="0" type="stmt"/>
      <line num="36" count="0" type="cond" truecount="0" falsecount="2"/>
      <line num="37" count="0" type="stmt"/>
      <line num="40" count="0" type="cond" truecount="0" falsecount="2"/>
      <line num="41" count="0" type="stmt"/>
      <line num="44" count="0" type="stmt"/>
      <line num="51" count="0" type="stmt"/>
      <line num="53" count="0" type="cond" truecount="0" falsecount="2"/>
      <line num="66" count="0" type="stmt"/>
      <line num="67" count="0" type="cond" truecount="0" falsecount="4"/>
      <line num="68" count="0" type="stmt"/>
    </file>
    <file name="serviceWorkerRegistration.js" path="/Users/simonloik/careerfoundry/meet/src/serviceWorkerRegistration.js">
      <metrics statements="39" coveredstatements="0" conditionals="32" coveredconditionals="0" methods="16" coveredmethods="0"/>
      <line num="13" count="0" type="stmt"/>
      <line num="22" count="0" type="cond" truecount="0" falsecount="4"/>
      <line num="24" count="0" type="stmt"/>
      <line num="25" count="0" type="cond" truecount="0" falsecount="2"/>
      <line num="29" count="0" type="stmt"/>
      <line num="32" count="0" type="stmt"/>
      <line num="33" count="0" type="stmt"/>
      <line num="35" count="0" type="cond" truecount="0" falsecount="2"/>
      <line num="37" count="0" type="stmt"/>
      <line num="41" count="0" type="stmt"/>
      <line num="42" count="0" type="stmt"/>
      <line num="49" count="0" type="stmt"/>
      <line num="56" count="0" type="stmt"/>
      <line num="59" count="0" type="stmt"/>
      <line num="60" count="0" type="stmt"/>
      <line num="61" count="0" type="cond" truecount="0" falsecount="2"/>
      <line num="62" count="0" type="stmt"/>
      <line num="64" count="0" type="stmt"/>
      <line num="65" count="0" type="cond" truecount="0" falsecount="2"/>
      <line num="66" count="0" type="cond" truecount="0" falsecount="2"/>
      <line num="70" count="0" type="stmt"/>
      <line num="76" count="0" type="cond" truecount="0" falsecount="4"/>
      <line num="77" count="0" type="stmt"/>
      <line num="83" count="0" type="stmt"/>
      <line num="86" count="0" type="cond" truecount="0" falsecount="4"/>
      <line num="87" count="0" type="stmt"/>
      <line num="95" count="0" type="stmt"/>
      <line num="101" count="0" type="stmt"/>
      <line num="106" count="0" type="stmt"/>
      <line num="107" count="0" type="cond" truecount="0" falsecount="2"/>
      <line num="112" count="0" type="stmt"/>
      <line num="113" count="0" type="stmt"/>
      <line num="114" count="0" type="stmt"/>
      <line num="119" count="0" type="stmt"/>
      <line num="123" count="0" type="stmt"/>
      <line num="128" count="0" type="cond" truecount="0" falsecount="2"/>
      <line num="129" count="0" type="stmt"/>
      <line num="131" count="0" type="stmt"/>
      <line num="134" count="0" type="stmt"/>
    </file>
  </project>
</coverage>
