<?xml version="1.0" encoding="UTF-8"?>
<coverage generated="1652939566620" clover="3.2.0">
  <project timestamp="1652939566620" name="All files">
    <metrics statements="24" coveredstatements="6" conditionals="0" coveredconditionals="0" methods="14" coveredmethods="4" elements="38" coveredelements="10" complexity="0" loc="24" ncloc="24" packages="1" files="7" classes="7"/>
    <file name="App.js" path="/Users/simonloik/careerfoundry/meet/src/App.js">
      <metrics statements="1" coveredstatements="1" conditionals="0" coveredconditionals="0" methods="1" coveredmethods="1"/>
      <line num="9" count="1" type="stmt"/>
    </file>
    <file name="CitySearch.js" path="/Users/simonloik/careerfoundry/meet/src/CitySearch.js">
      <metrics statements="11" coveredstatements="0" conditionals="0" coveredconditionals="0" methods="6" coveredmethods="0"/>
      <line num="4" count="0" type="stmt"/>
      <line num="9" count="0" type="stmt"/>
      <line num="10" count="0" type="stmt"/>
      <line num="11" count="0" type="stmt"/>
      <line num="12" count="0" type="stmt"/>
      <line num="14" count="0" type="stmt"/>
      <line num="19" count="0" type="stmt"/>
      <line num="20" count="0" type="stmt"/>
      <line num="26" count="0" type="stmt"/>
      <line num="36" count="0" type="stmt"/>
      <line num="37" count="0" type="stmt"/>
    </file>
    <file name="Event.js" path="/Users/simonloik/careerfoundry/meet/src/Event.js">
      <metrics statements="3" coveredstatements="0" conditionals="0" coveredconditionals="0" methods="2" coveredmethods="0"/>
      <line num="6" count="0" type="stmt"/>
      <line num="7" count="0" type="stmt"/>
      <line num="10" count="0" type="stmt"/>
    </file>
    <file name="EventList.js" path="/Users/simonloik/careerfoundry/meet/src/EventList.js">
      <metrics statements="3" coveredstatements="3" conditionals="0" coveredconditionals="0" methods="2" coveredmethods="2"/>
      <line num="6" count="1" type="stmt"/>
      <line num="7" count="1" type="stmt"/>
      <line num="10" count="2" type="stmt"/>
    </file>
    <file name="NumberOfEvents.js" path="/Users/simonloik/careerfoundry/meet/src/NumberOfEvents.js">
      <metrics statements="1" coveredstatements="1" conditionals="0" coveredconditionals="0" methods="1" coveredmethods="1"/>
      <line num="7" count="1" type="stmt"/>
    </file>
    <file name="api.js" path="/Users/simonloik/careerfoundry/meet/src/api.js">
      <metrics statements="4" coveredstatements="0" conditionals="0" coveredconditionals="0" methods="2" coveredmethods="0"/>
      <line num="9" count="0" type="stmt"/>
      <line num="10" count="0" type="stmt"/>
      <line num="11" count="0" type="stmt"/>
      <line num="12" count="0" type="stmt"/>
    </file>
    <file name="mock-data.js" path="/Users/simonloik/careerfoundry/meet/src/mock-data.js">
      <metrics statements="1" coveredstatements="1" conditionals="0" coveredconditionals="0" methods="0" coveredmethods="0"/>
      <line num="1" count="1" type="stmt"/>
    </file>
  </project>
</coverage>
