{"/Users/simonloik/careerfoundry/meet/src/App.js": {"path":"/Users/simonloik/careerfoundry/meet/src/App.js","statementMap":{"0":{"start":{"line":9,"column":30},"end":{"line":11,"column":1}},"1":{"start":{"line":14,"column":10},"end":{"line":18,"column":3}},"2":{"start":{"line":21,"column":4},"end":{"line":21,"column":24}},"3":{"start":{"line":22,"column":4},"end":{"line":26,"column":7}},"4":{"start":{"line":23,"column":6},"end":{"line":25,"column":7}},"5":{"start":{"line":24,"column":8},"end":{"line":24,"column":71}},"6":{"start":{"line":29,"column":4},"end":{"line":29,"column":25}},"7":{"start":{"line":32,"column":17},"end":{"line":41,"column":3}},"8":{"start":{"line":33,"column":4},"end":{"line":40,"column":7}},"9":{"start":{"line":34,"column":29},"end":{"line":36,"column":61}},"10":{"start":{"line":36,"column":33},"end":{"line":36,"column":60}},"11":{"start":{"line":37,"column":6},"end":{"line":39,"column":9}},"12":{"start":{"line":44,"column":4},"end":{"line":50,"column":6}}},"fnMap":{"0":{"name":"(anonymous_0)","decl":{"start":{"line":9,"column":30},"end":{"line":9,"column":31}},"loc":{"start":{"line":9,"column":42},"end":{"line":11,"column":1}},"line":9},"1":{"name":"(anonymous_1)","decl":{"start":{"line":20,"column":2},"end":{"line":20,"column":3}},"loc":{"start":{"line":20,"column":22},"end":{"line":27,"column":3}},"line":20},"2":{"name":"(anonymous_2)","decl":{"start":{"line":22,"column":21},"end":{"line":22,"column":22}},"loc":{"start":{"line":22,"column":33},"end":{"line":26,"column":5}},"line":22},"3":{"name":"(anonymous_3)","decl":{"start":{"line":28,"column":2},"end":{"line":28,"column":3}},"loc":{"start":{"line":28,"column":24},"end":{"line":30,"column":3}},"line":28},"4":{"name":"(anonymous_4)","decl":{"start":{"line":32,"column":17},"end":{"line":32,"column":18}},"loc":{"start":{"line":32,"column":31},"end":{"line":41,"column":3}},"line":32},"5":{"name":"(anonymous_5)","decl":{"start":{"line":33,"column":21},"end":{"line":33,"column":22}},"loc":{"start":{"line":33,"column":33},"end":{"line":40,"column":5}},"line":33},"6":{"name":"(anonymous_6)","decl":{"start":{"line":36,"column":22},"end":{"line":36,"column":23}},"loc":{"start":{"line":36,"column":33},"end":{"line":36,"column":60}},"line":36},"7":{"name":"(anonymous_7)","decl":{"start":{"line":43,"column":2},"end":{"line":43,"column":3}},"loc":{"start":{"line":43,"column":11},"end":{"line":51,"column":3}},"line":43}},"branchMap":{"0":{"loc":{"start":{"line":23,"column":6},"end":{"line":25,"column":7}},"type":"if","locations":[{"start":{"line":23,"column":6},"end":{"line":25,"column":7}},{"start":{},"end":{}}],"line":23},"1":{"loc":{"start":{"line":34,"column":29},"end":{"line":36,"column":61}},"type":"cond-expr","locations":[{"start":{"line":35,"column":8},"end":{"line":35,"column":14}},{"start":{"line":36,"column":8},"end":{"line":36,"column":61}}],"line":34}},"s":{"0":3,"1":8,"2":8,"3":8,"4":8,"5":5,"6":5,"7":8,"8":3,"9":3,"10":4,"11":3,"12":16},"f":{"0":0,"1":8,"2":8,"3":5,"4":3,"5":3,"6":4,"7":16},"b":{"0":[5,3],"1":[1,2]},"_coverageSchema":"1a1c01bbd47fc00a2c39e90264f33305004495a9","hash":"63bf158d200847b0dfd9810c9f322ce8c23d9bc9"}
,"/Users/simonloik/careerfoundry/meet/src/CitySearch.js": {"path":"/Users/simonloik/careerfoundry/meet/src/CitySearch.js","statementMap":{"0":{"start":{"line":4,"column":12},"end":{"line":8,"column":7}},"1":{"start":{"line":10,"column":27},"end":{"line":19,"column":7}},"2":{"start":{"line":11,"column":22},"end":{"line":11,"column":40}},"3":{"start":{"line":12,"column":28},"end":{"line":14,"column":12}},"4":{"start":{"line":13,"column":12},"end":{"line":13,"column":76}},"5":{"start":{"line":15,"column":8},"end":{"line":18,"column":11}},"6":{"start":{"line":21,"column":26},"end":{"line":28,"column":7}},"7":{"start":{"line":22,"column":8},"end":{"line":25,"column":11}},"8":{"start":{"line":27,"column":8},"end":{"line":27,"column":44}},"9":{"start":{"line":31,"column":4},"end":{"line":53,"column":6}},"10":{"start":{"line":38,"column":25},"end":{"line":38,"column":65}},"11":{"start":{"line":42,"column":12},"end":{"line":46,"column":30}},"12":{"start":{"line":45,"column":29},"end":{"line":45,"column":63}},"13":{"start":{"line":48,"column":31},"end":{"line":48,"column":60}}},"fnMap":{"0":{"name":"(anonymous_0)","decl":{"start":{"line":10,"column":27},"end":{"line":10,"column":28}},"loc":{"start":{"line":10,"column":38},"end":{"line":19,"column":7}},"line":10},"1":{"name":"(anonymous_1)","decl":{"start":{"line":12,"column":56},"end":{"line":12,"column":57}},"loc":{"start":{"line":12,"column":70},"end":{"line":14,"column":11}},"line":12},"2":{"name":"(anonymous_2)","decl":{"start":{"line":21,"column":26},"end":{"line":21,"column":27}},"loc":{"start":{"line":21,"column":42},"end":{"line":28,"column":7}},"line":21},"3":{"name":"(anonymous_3)","decl":{"start":{"line":30,"column":2},"end":{"line":30,"column":3}},"loc":{"start":{"line":30,"column":11},"end":{"line":54,"column":3}},"line":30},"4":{"name":"(anonymous_4)","decl":{"start":{"line":38,"column":17},"end":{"line":38,"column":18}},"loc":{"start":{"line":38,"column":23},"end":{"line":38,"column":67}},"line":38},"5":{"name":"(anonymous_5)","decl":{"start":{"line":41,"column":36},"end":{"line":41,"column":37}},"loc":{"start":{"line":42,"column":12},"end":{"line":46,"column":30}},"line":42},"6":{"name":"(anonymous_6)","decl":{"start":{"line":45,"column":23},"end":{"line":45,"column":24}},"loc":{"start":{"line":45,"column":29},"end":{"line":45,"column":63}},"line":45},"7":{"name":"(anonymous_7)","decl":{"start":{"line":48,"column":25},"end":{"line":48,"column":26}},"loc":{"start":{"line":48,"column":31},"end":{"line":48,"column":60}},"line":48}},"branchMap":{"0":{"loc":{"start":{"line":40,"column":41},"end":{"line":40,"column":93}},"type":"cond-expr","locations":[{"start":{"line":40,"column":70},"end":{"line":40,"column":72}},{"start":{"line":40,"column":74},"end":{"line":40,"column":93}}],"line":40}},"s":{"0":9,"1":9,"2":4,"3":4,"4":8,"5":4,"6":9,"7":5,"8":5,"9":32,"10":1,"11":21,"12":3,"13":1},"f":{"0":4,"1":8,"2":5,"3":32,"4":1,"5":21,"6":3,"7":1},"b":{"0":[1,31]},"_coverageSchema":"1a1c01bbd47fc00a2c39e90264f33305004495a9","hash":"bc054a9fabfc34ba2c91061deca321e521425b84"}
,"/Users/simonloik/careerfoundry/meet/src/Event.js": {"path":"/Users/simonloik/careerfoundry/meet/src/Event.js","statementMap":{"0":{"start":{"line":5,"column":22},"end":{"line":5,"column":32}},"1":{"start":{"line":6,"column":4},"end":{"line":17,"column":6}}},"fnMap":{"0":{"name":"(anonymous_0)","decl":{"start":{"line":4,"column":2},"end":{"line":4,"column":3}},"loc":{"start":{"line":4,"column":11},"end":{"line":18,"column":3}},"line":4}},"branchMap":{},"s":{"0":12,"1":12},"f":{"0":12},"b":{},"_coverageSchema":"1a1c01bbd47fc00a2c39e90264f33305004495a9","hash":"c6f9ed5e2e17d498f320470b939dd16c3c8d47db"}
,"/Users/simonloik/careerfoundry/meet/src/EventList.js": {"path":"/Users/simonloik/careerfoundry/meet/src/EventList.js","statementMap":{"0":{"start":{"line":6,"column":25},"end":{"line":6,"column":35}},"1":{"start":{"line":7,"column":4},"end":{"line":15,"column":6}},"2":{"start":{"line":10,"column":12},"end":{"line":12,"column":17}}},"fnMap":{"0":{"name":"(anonymous_0)","decl":{"start":{"line":5,"column":2},"end":{"line":5,"column":3}},"loc":{"start":{"line":5,"column":11},"end":{"line":16,"column":3}},"line":5},"1":{"name":"(anonymous_1)","decl":{"start":{"line":9,"column":22},"end":{"line":9,"column":23}},"loc":{"start":{"line":10,"column":12},"end":{"line":12,"column":17}},"line":10}},"branchMap":{},"s":{"0":15,"1":15,"2":14},"f":{"0":15,"1":14},"b":{},"_coverageSchema":"1a1c01bbd47fc00a2c39e90264f33305004495a9","hash":"cbab657bb557bd6c15c0e7b85ae4136d6570b3b0"}
,"/Users/simonloik/careerfoundry/meet/src/NumberOfEvents.js": {"path":"/Users/simonloik/careerfoundry/meet/src/NumberOfEvents.js","statementMap":{"0":{"start":{"line":7,"column":4},"end":{"line":15,"column":6}}},"fnMap":{"0":{"name":"(anonymous_0)","decl":{"start":{"line":6,"column":2},"end":{"line":6,"column":3}},"loc":{"start":{"line":6,"column":11},"end":{"line":16,"column":3}},"line":6}},"branchMap":{},"s":{"0":15},"f":{"0":15},"b":{},"_coverageSchema":"1a1c01bbd47fc00a2c39e90264f33305004495a9","hash":"3542fa51e5e7e86add77f206f9b6f195e299687e"}
,"/Users/simonloik/careerfoundry/meet/src/api.js": {"path":"/Users/simonloik/careerfoundry/meet/src/api.js","statementMap":{"0":{"start":{"line":14,"column":32},"end":{"line":18,"column":1}},"1":{"start":{"line":15,"column":25},"end":{"line":15,"column":62}},"2":{"start":{"line":15,"column":47},"end":{"line":15,"column":61}},"3":{"start":{"line":16,"column":18},"end":{"line":16,"column":48}},"4":{"start":{"line":17,"column":2},"end":{"line":17,"column":19}},"5":{"start":{"line":20,"column":19},"end":{"line":30,"column":1}},"6":{"start":{"line":21,"column":17},"end":{"line":27,"column":8}},"7":{"start":{"line":24,"column":21},"end":{"line":24,"column":31}},"8":{"start":{"line":26,"column":10},"end":{"line":26,"column":30}},"9":{"start":{"line":29,"column":2},"end":{"line":29,"column":16}},"10":{"start":{"line":32,"column":20},"end":{"line":44,"column":1}},"11":{"start":{"line":33,"column":2},"end":{"line":43,"column":3}},"12":{"start":{"line":35,"column":10},"end":{"line":38,"column":34}},"13":{"start":{"line":39,"column":6},"end":{"line":39,"column":47}},"14":{"start":{"line":41,"column":6},"end":{"line":41,"column":70}},"15":{"start":{"line":42,"column":6},"end":{"line":42,"column":47}},"16":{"start":{"line":46,"column":25},"end":{"line":68,"column":1}},"17":{"start":{"line":47,"column":2},"end":{"line":47,"column":20}},"18":{"start":{"line":49,"column":2},"end":{"line":52,"column":3}},"19":{"start":{"line":50,"column":6},"end":{"line":50,"column":23}},"20":{"start":{"line":51,"column":6},"end":{"line":51,"column":22}},"21":{"start":{"line":54,"column":16},"end":{"line":54,"column":38}},"22":{"start":{"line":56,"column":2},"end":{"line":67,"column":3}},"23":{"start":{"line":57,"column":6},"end":{"line":57,"column":20}},"24":{"start":{"line":58,"column":18},"end":{"line":58,"column":112}},"25":{"start":{"line":59,"column":21},"end":{"line":59,"column":41}},"26":{"start":{"line":60,"column":6},"end":{"line":64,"column":7}},"27":{"start":{"line":61,"column":26},"end":{"line":61,"column":62}},"28":{"start":{"line":62,"column":10},"end":{"line":62,"column":74}},"29":{"start":{"line":63,"column":10},"end":{"line":63,"column":71}},"30":{"start":{"line":65,"column":6},"end":{"line":65,"column":23}},"31":{"start":{"line":66,"column":6},"end":{"line":66,"column":32}},"32":{"start":{"line":70,"column":30},"end":{"line":88,"column":1}},"33":{"start":{"line":71,"column":22},"end":{"line":71,"column":58}},"34":{"start":{"line":72,"column":21},"end":{"line":72,"column":67}},"35":{"start":{"line":74,"column":2},"end":{"line":86,"column":3}},"36":{"start":{"line":75,"column":6},"end":{"line":75,"column":52}},"37":{"start":{"line":76,"column":27},"end":{"line":76,"column":70}},"38":{"start":{"line":77,"column":19},"end":{"line":77,"column":49}},"39":{"start":{"line":78,"column":5},"end":{"line":84,"column":7}},"40":{"start":{"line":79,"column":26},"end":{"line":81,"column":11}},"41":{"start":{"line":82,"column":30},"end":{"line":82,"column":42}},"42":{"start":{"line":83,"column":10},"end":{"line":83,"column":50}},"43":{"start":{"line":85,"column":6},"end":{"line":85,"column":36}},"44":{"start":{"line":87,"column":2},"end":{"line":87,"column":21}},"45":{"start":{"line":92,"column":17},"end":{"line":106,"column":1}},"46":{"start":{"line":93,"column":2},"end":{"line":105,"column":3}},"47":{"start":{"line":94,"column":25},"end":{"line":94,"column":49}},"48":{"start":{"line":95,"column":23},"end":{"line":95,"column":128}},"49":{"start":{"line":96,"column":6},"end":{"line":98,"column":7}},"50":{"start":{"line":97,"column":10},"end":{"line":97,"column":67}},"51":{"start":{"line":100,"column":31},"end":{"line":100,"column":52}},"52":{"start":{"line":101,"column":6},"end":{"line":101,"column":73}},"53":{"start":{"line":102,"column":6},"end":{"line":102,"column":26}},"54":{"start":{"line":104,"column":6},"end":{"line":104,"column":19}}},"fnMap":{"0":{"name":"(anonymous_0)","decl":{"start":{"line":14,"column":32},"end":{"line":14,"column":33}},"loc":{"start":{"line":14,"column":44},"end":{"line":18,"column":1}},"line":14},"1":{"name":"(anonymous_1)","decl":{"start":{"line":15,"column":36},"end":{"line":15,"column":37}},"loc":{"start":{"line":15,"column":47},"end":{"line":15,"column":61}},"line":15},"2":{"name":"(anonymous_2)","decl":{"start":{"line":20,"column":19},"end":{"line":20,"column":20}},"loc":{"start":{"line":20,"column":42},"end":{"line":30,"column":1}},"line":20},"3":{"name":"(anonymous_3)","decl":{"start":{"line":24,"column":12},"end":{"line":24,"column":13}},"loc":{"start":{"line":24,"column":21},"end":{"line":24,"column":31}},"line":24},"4":{"name":"(anonymous_4)","decl":{"start":{"line":25,"column":13},"end":{"line":25,"column":14}},"loc":{"start":{"line":25,"column":24},"end":{"line":27,"column":7}},"line":25},"5":{"name":"(anonymous_5)","decl":{"start":{"line":32,"column":20},"end":{"line":32,"column":21}},"loc":{"start":{"line":32,"column":26},"end":{"line":44,"column":1}},"line":32},"6":{"name":"(anonymous_6)","decl":{"start":{"line":46,"column":25},"end":{"line":46,"column":26}},"loc":{"start":{"line":46,"column":37},"end":{"line":68,"column":1}},"line":46},"7":{"name":"(anonymous_7)","decl":{"start":{"line":70,"column":30},"end":{"line":70,"column":31}},"loc":{"start":{"line":70,"column":42},"end":{"line":88,"column":1}},"line":70},"8":{"name":"(anonymous_8)","decl":{"start":{"line":92,"column":17},"end":{"line":92,"column":18}},"loc":{"start":{"line":92,"column":33},"end":{"line":106,"column":1}},"line":92}},"branchMap":{"0":{"loc":{"start":{"line":33,"column":2},"end":{"line":43,"column":3}},"type":"if","locations":[{"start":{"line":33,"column":2},"end":{"line":43,"column":3}},{"start":{"line":40,"column":9},"end":{"line":43,"column":3}}],"line":33},"1":{"loc":{"start":{"line":33,"column":6},"end":{"line":33,"column":58}},"type":"binary-expr","locations":[{"start":{"line":33,"column":6},"end":{"line":33,"column":30}},{"start":{"line":33,"column":34},"end":{"line":33,"column":58}}],"line":33},"2":{"loc":{"start":{"line":49,"column":2},"end":{"line":52,"column":3}},"type":"if","locations":[{"start":{"line":49,"column":2},"end":{"line":52,"column":3}},{"start":{},"end":{}}],"line":49},"3":{"loc":{"start":{"line":56,"column":2},"end":{"line":67,"column":3}},"type":"if","locations":[{"start":{"line":56,"column":2},"end":{"line":67,"column":3}},{"start":{},"end":{}}],"line":56},"4":{"loc":{"start":{"line":60,"column":6},"end":{"line":64,"column":7}},"type":"if","locations":[{"start":{"line":60,"column":6},"end":{"line":64,"column":7}},{"start":{},"end":{}}],"line":60},"5":{"loc":{"start":{"line":72,"column":21},"end":{"line":72,"column":67}},"type":"binary-expr","locations":[{"start":{"line":72,"column":21},"end":{"line":72,"column":32}},{"start":{"line":72,"column":37},"end":{"line":72,"column":66}}],"line":72},"6":{"loc":{"start":{"line":74,"column":2},"end":{"line":86,"column":3}},"type":"if","locations":[{"start":{"line":74,"column":2},"end":{"line":86,"column":3}},{"start":{},"end":{}}],"line":74},"7":{"loc":{"start":{"line":74,"column":6},"end":{"line":74,"column":38}},"type":"binary-expr","locations":[{"start":{"line":74,"column":6},"end":{"line":74,"column":18}},{"start":{"line":74,"column":22},"end":{"line":74,"column":38}}],"line":74},"8":{"loc":{"start":{"line":78,"column":5},"end":{"line":84,"column":7}},"type":"if","locations":[{"start":{"line":78,"column":5},"end":{"line":84,"column":7}},{"start":{},"end":{}}],"line":78},"9":{"loc":{"start":{"line":85,"column":13},"end":{"line":85,"column":35}},"type":"binary-expr","locations":[{"start":{"line":85,"column":13},"end":{"line":85,"column":17}},{"start":{"line":85,"column":21},"end":{"line":85,"column":35}}],"line":85},"10":{"loc":{"start":{"line":96,"column":6},"end":{"line":98,"column":7}},"type":"if","locations":[{"start":{"line":96,"column":6},"end":{"line":98,"column":7}},{"start":{},"end":{}}],"line":96},"11":{"loc":{"start":{"line":101,"column":6},"end":{"line":101,"column":72}},"type":"binary-expr","locations":[{"start":{"line":101,"column":6},"end":{"line":101,"column":18}},{"start":{"line":101,"column":22},"end":{"line":101,"column":72}}],"line":101}},"s":{"0":5,"1":9,"2":18,"3":9,"4":9,"5":5,"6":0,"7":0,"8":0,"9":0,"10":5,"11":0,"12":0,"13":0,"14":0,"15":0,"16":5,"17":13,"18":13,"19":13,"20":13,"21":0,"22":0,"23":0,"24":0,"25":0,"26":0,"27":0,"28":0,"29":0,"30":0,"31":0,"32":5,"33":0,"34":0,"35":0,"36":0,"37":0,"38":0,"39":0,"40":0,"41":0,"42":0,"43":0,"44":0,"45":5,"46":0,"47":0,"48":0,"49":0,"50":0,"51":0,"52":0,"53":0,"54":0},"f":{"0":9,"1":18,"2":0,"3":0,"4":0,"5":0,"6":13,"7":0,"8":0},"b":{"0":[0,0],"1":[0,0],"2":[13,0],"3":[0,0],"4":[0,0],"5":[0,0],"6":[0,0],"7":[0,0],"8":[0,0],"9":[0,0],"10":[0,0],"11":[0,0]},"_coverageSchema":"1a1c01bbd47fc00a2c39e90264f33305004495a9","hash":"c8443a0ccb0bf59ee4c671c76e880a86527e76d2"}
,"/Users/simonloik/careerfoundry/meet/src/index.js": {"path":"/Users/simonloik/careerfoundry/meet/src/index.js","statementMap":{"0":{"start":{"line":8,"column":20},"end":{"line":8,"column":51}},"1":{"start":{"line":9,"column":13},"end":{"line":9,"column":36}},"2":{"start":{"line":10,"column":0},"end":{"line":14,"column":2}},"3":{"start":{"line":19,"column":0},"end":{"line":19,"column":39}},"4":{"start":{"line":24,"column":0},"end":{"line":24,"column":18}}},"fnMap":{},"branchMap":{},"s":{"0":0,"1":0,"2":0,"3":0,"4":0},"f":{},"b":{}}
,"/Users/simonloik/careerfoundry/meet/src/mock-data.js": {"path":"/Users/simonloik/careerfoundry/meet/src/mock-data.js","statementMap":{"0":{"start":{"line":1,"column":17},"end":{"line":80,"column":1}}},"fnMap":{},"branchMap":{},"s":{"0":5},"f":{},"b":{},"_coverageSchema":"1a1c01bbd47fc00a2c39e90264f33305004495a9","hash":"22fe0bfc928ba590674068d97fb34c12e56fbf86"}
,"/Users/simonloik/careerfoundry/meet/src/service-worker.js": {"path":"/Users/simonloik/careerfoundry/meet/src/service-worker.js","statementMap":{"0":{"start":{"line":16,"column":0},"end":{"line":16,"column":15}},"1":{"start":{"line":22,"column":0},"end":{"line":22,"column":37}},"2":{"start":{"line":27,"column":28},"end":{"line":27,"column":58}},"3":{"start":{"line":28,"column":0},"end":{"line":47,"column":2}},"4":{"start":{"line":32,"column":4},"end":{"line":34,"column":5}},"5":{"start":{"line":33,"column":6},"end":{"line":33,"column":19}},"6":{"start":{"line":36,"column":4},"end":{"line":38,"column":5}},"7":{"start":{"line":37,"column":6},"end":{"line":37,"column":19}},"8":{"start":{"line":40,"column":4},"end":{"line":42,"column":5}},"9":{"start":{"line":41,"column":6},"end":{"line":41,"column":19}},"10":{"start":{"line":44,"column":4},"end":{"line":44,"column":16}},"11":{"start":{"line":51,"column":0},"end":{"line":62,"column":2}},"12":{"start":{"line":53,"column":15},"end":{"line":53,"column":83}},"13":{"start":{"line":66,"column":0},"end":{"line":70,"column":3}},"14":{"start":{"line":67,"column":2},"end":{"line":69,"column":3}},"15":{"start":{"line":68,"column":4},"end":{"line":68,"column":23}}},"fnMap":{"0":{"name":"(anonymous_0)","decl":{"start":{"line":30,"column":2},"end":{"line":30,"column":3}},"loc":{"start":{"line":30,"column":24},"end":{"line":45,"column":3}},"line":30},"1":{"name":"(anonymous_1)","decl":{"start":{"line":53,"column":2},"end":{"line":53,"column":3}},"loc":{"start":{"line":53,"column":15},"end":{"line":53,"column":83}},"line":53},"2":{"name":"(anonymous_2)","decl":{"start":{"line":66,"column":33},"end":{"line":66,"column":34}},"loc":{"start":{"line":66,"column":44},"end":{"line":70,"column":1}},"line":66}},"branchMap":{"0":{"loc":{"start":{"line":32,"column":4},"end":{"line":34,"column":5}},"type":"if","locations":[{"start":{"line":32,"column":4},"end":{"line":34,"column":5}},{"start":{},"end":{}}],"line":32},"1":{"loc":{"start":{"line":36,"column":4},"end":{"line":38,"column":5}},"type":"if","locations":[{"start":{"line":36,"column":4},"end":{"line":38,"column":5}},{"start":{},"end":{}}],"line":36},"2":{"loc":{"start":{"line":40,"column":4},"end":{"line":42,"column":5}},"type":"if","locations":[{"start":{"line":40,"column":4},"end":{"line":42,"column":5}},{"start":{},"end":{}}],"line":40},"3":{"loc":{"start":{"line":53,"column":15},"end":{"line":53,"column":83}},"type":"binary-expr","locations":[{"start":{"line":53,"column":15},"end":{"line":53,"column":50}},{"start":{"line":53,"column":54},"end":{"line":53,"column":83}}],"line":53},"4":{"loc":{"start":{"line":67,"column":2},"end":{"line":69,"column":3}},"type":"if","locations":[{"start":{"line":67,"column":2},"end":{"line":69,"column":3}},{"start":{},"end":{}}],"line":67},"5":{"loc":{"start":{"line":67,"column":6},"end":{"line":67,"column":54}},"type":"binary-expr","locations":[{"start":{"line":67,"column":6},"end":{"line":67,"column":16}},{"start":{"line":67,"column":20},"end":{"line":67,"column":54}}],"line":67}},"s":{"0":0,"1":0,"2":0,"3":0,"4":0,"5":0,"6":0,"7":0,"8":0,"9":0,"10":0,"11":0,"12":0,"13":0,"14":0,"15":0},"f":{"0":0,"1":0,"2":0},"b":{"0":[0,0],"1":[0,0],"2":[0,0],"3":[0,0],"4":[0,0],"5":[0,0]}}
,"/Users/simonloik/careerfoundry/meet/src/serviceWorkerRegistration.js": {"path":"/Users/simonloik/careerfoundry/meet/src/serviceWorkerRegistration.js","statementMap":{"0":{"start":{"line":13,"column":20},"end":{"line":19,"column":3}},"1":{"start":{"line":22,"column":4},"end":{"line":52,"column":5}},"2":{"start":{"line":24,"column":24},"end":{"line":24,"column":77}},"3":{"start":{"line":25,"column":6},"end":{"line":30,"column":7}},"4":{"start":{"line":29,"column":8},"end":{"line":29,"column":15}},"5":{"start":{"line":32,"column":6},"end":{"line":51,"column":9}},"6":{"start":{"line":33,"column":22},"end":{"line":33,"column":67}},"7":{"start":{"line":35,"column":8},"end":{"line":50,"column":9}},"8":{"start":{"line":37,"column":10},"end":{"line":37,"column":49}},"9":{"start":{"line":41,"column":10},"end":{"line":46,"column":13}},"10":{"start":{"line":42,"column":12},"end":{"line":45,"column":14}},"11":{"start":{"line":49,"column":10},"end":{"line":49,"column":41}},"12":{"start":{"line":56,"column":4},"end":{"line":96,"column":9}},"13":{"start":{"line":59,"column":8},"end":{"line":92,"column":10}},"14":{"start":{"line":60,"column":35},"end":{"line":60,"column":58}},"15":{"start":{"line":61,"column":10},"end":{"line":63,"column":11}},"16":{"start":{"line":62,"column":12},"end":{"line":62,"column":19}},"17":{"start":{"line":64,"column":10},"end":{"line":91,"column":12}},"18":{"start":{"line":65,"column":12},"end":{"line":90,"column":13}},"19":{"start":{"line":66,"column":14},"end":{"line":89,"column":15}},"20":{"start":{"line":70,"column":16},"end":{"line":73,"column":18}},"21":{"start":{"line":76,"column":16},"end":{"line":78,"column":17}},"22":{"start":{"line":77,"column":18},"end":{"line":77,"column":48}},"23":{"start":{"line":83,"column":16},"end":{"line":83,"column":66}},"24":{"start":{"line":86,"column":16},"end":{"line":88,"column":17}},"25":{"start":{"line":87,"column":18},"end":{"line":87,"column":49}},"26":{"start":{"line":95,"column":8},"end":{"line":95,"column":74}},"27":{"start":{"line":101,"column":4},"end":{"line":124,"column":9}},"28":{"start":{"line":106,"column":28},"end":{"line":106,"column":64}},"29":{"start":{"line":107,"column":8},"end":{"line":120,"column":9}},"30":{"start":{"line":112,"column":10},"end":{"line":116,"column":13}},"31":{"start":{"line":113,"column":12},"end":{"line":115,"column":15}},"32":{"start":{"line":114,"column":14},"end":{"line":114,"column":39}},"33":{"start":{"line":119,"column":10},"end":{"line":119,"column":41}},"34":{"start":{"line":123,"column":8},"end":{"line":123,"column":85}},"35":{"start":{"line":128,"column":4},"end":{"line":136,"column":5}},"36":{"start":{"line":129,"column":6},"end":{"line":135,"column":11}},"37":{"start":{"line":131,"column":10},"end":{"line":131,"column":36}},"38":{"start":{"line":134,"column":10},"end":{"line":134,"column":39}}},"fnMap":{"0":{"name":"register","decl":{"start":{"line":21,"column":18},"end":{"line":21,"column":26}},"loc":{"start":{"line":21,"column":35},"end":{"line":53,"column":3}},"line":21},"1":{"name":"(anonymous_1)","decl":{"start":{"line":32,"column":38},"end":{"line":32,"column":39}},"loc":{"start":{"line":32,"column":44},"end":{"line":51,"column":7}},"line":32},"2":{"name":"(anonymous_2)","decl":{"start":{"line":41,"column":45},"end":{"line":41,"column":46}},"loc":{"start":{"line":41,"column":51},"end":{"line":46,"column":11}},"line":41},"3":{"name":"registerValidSW","decl":{"start":{"line":55,"column":11},"end":{"line":55,"column":26}},"loc":{"start":{"line":55,"column":42},"end":{"line":97,"column":3}},"line":55},"4":{"name":"(anonymous_4)","decl":{"start":{"line":58,"column":12},"end":{"line":58,"column":13}},"loc":{"start":{"line":58,"column":30},"end":{"line":93,"column":7}},"line":58},"5":{"name":"(anonymous_5)","decl":{"start":{"line":59,"column":37},"end":{"line":59,"column":38}},"loc":{"start":{"line":59,"column":43},"end":{"line":92,"column":9}},"line":59},"6":{"name":"(anonymous_6)","decl":{"start":{"line":64,"column":43},"end":{"line":64,"column":44}},"loc":{"start":{"line":64,"column":49},"end":{"line":91,"column":11}},"line":64},"7":{"name":"(anonymous_7)","decl":{"start":{"line":94,"column":13},"end":{"line":94,"column":14}},"loc":{"start":{"line":94,"column":24},"end":{"line":96,"column":7}},"line":94},"8":{"name":"checkValidServiceWorker","decl":{"start":{"line":99,"column":11},"end":{"line":99,"column":34}},"loc":{"start":{"line":99,"column":50},"end":{"line":125,"column":3}},"line":99},"9":{"name":"(anonymous_9)","decl":{"start":{"line":104,"column":12},"end":{"line":104,"column":13}},"loc":{"start":{"line":104,"column":26},"end":{"line":121,"column":7}},"line":104},"10":{"name":"(anonymous_10)","decl":{"start":{"line":112,"column":45},"end":{"line":112,"column":46}},"loc":{"start":{"line":112,"column":63},"end":{"line":116,"column":11}},"line":112},"11":{"name":"(anonymous_11)","decl":{"start":{"line":113,"column":43},"end":{"line":113,"column":44}},"loc":{"start":{"line":113,"column":49},"end":{"line":115,"column":13}},"line":113},"12":{"name":"(anonymous_12)","decl":{"start":{"line":122,"column":13},"end":{"line":122,"column":14}},"loc":{"start":{"line":122,"column":19},"end":{"line":124,"column":7}},"line":122},"13":{"name":"unregister","decl":{"start":{"line":127,"column":18},"end":{"line":127,"column":28}},"loc":{"start":{"line":127,"column":31},"end":{"line":137,"column":3}},"line":127},"14":{"name":"(anonymous_14)","decl":{"start":{"line":130,"column":14},"end":{"line":130,"column":15}},"loc":{"start":{"line":130,"column":32},"end":{"line":132,"column":9}},"line":130},"15":{"name":"(anonymous_15)","decl":{"start":{"line":133,"column":15},"end":{"line":133,"column":16}},"loc":{"start":{"line":133,"column":26},"end":{"line":135,"column":9}},"line":133}},"branchMap":{"0":{"loc":{"start":{"line":14,"column":4},"end":{"line":18,"column":94}},"type":"binary-expr","locations":[{"start":{"line":14,"column":4},"end":{"line":14,"column":44}},{"start":{"line":16,"column":6},"end":{"line":16,"column":42}},{"start":{"line":18,"column":6},"end":{"line":18,"column":94}}],"line":14},"1":{"loc":{"start":{"line":22,"column":4},"end":{"line":52,"column":5}},"type":"if","locations":[{"start":{"line":22,"column":4},"end":{"line":52,"column":5}},{"start":{},"end":{}}],"line":22},"2":{"loc":{"start":{"line":22,"column":8},"end":{"line":22,"column":77}},"type":"binary-expr","locations":[{"start":{"line":22,"column":8},"end":{"line":22,"column":45}},{"start":{"line":22,"column":49},"end":{"line":22,"column":77}}],"line":22},"3":{"loc":{"start":{"line":25,"column":6},"end":{"line":30,"column":7}},"type":"if","locations":[{"start":{"line":25,"column":6},"end":{"line":30,"column":7}},{"start":{},"end":{}}],"line":25},"4":{"loc":{"start":{"line":35,"column":8},"end":{"line":50,"column":9}},"type":"if","locations":[{"start":{"line":35,"column":8},"end":{"line":50,"column":9}},{"start":{"line":47,"column":15},"end":{"line":50,"column":9}}],"line":35},"5":{"loc":{"start":{"line":61,"column":10},"end":{"line":63,"column":11}},"type":"if","locations":[{"start":{"line":61,"column":10},"end":{"line":63,"column":11}},{"start":{},"end":{}}],"line":61},"6":{"loc":{"start":{"line":65,"column":12},"end":{"line":90,"column":13}},"type":"if","locations":[{"start":{"line":65,"column":12},"end":{"line":90,"column":13}},{"start":{},"end":{}}],"line":65},"7":{"loc":{"start":{"line":66,"column":14},"end":{"line":89,"column":15}},"type":"if","locations":[{"start":{"line":66,"column":14},"end":{"line":89,"column":15}},{"start":{"line":79,"column":21},"end":{"line":89,"column":15}}],"line":66},"8":{"loc":{"start":{"line":76,"column":16},"end":{"line":78,"column":17}},"type":"if","locations":[{"start":{"line":76,"column":16},"end":{"line":78,"column":17}},{"start":{},"end":{}}],"line":76},"9":{"loc":{"start":{"line":76,"column":20},"end":{"line":76,"column":45}},"type":"binary-expr","locations":[{"start":{"line":76,"column":20},"end":{"line":76,"column":26}},{"start":{"line":76,"column":30},"end":{"line":76,"column":45}}],"line":76},"10":{"loc":{"start":{"line":86,"column":16},"end":{"line":88,"column":17}},"type":"if","locations":[{"start":{"line":86,"column":16},"end":{"line":88,"column":17}},{"start":{},"end":{}}],"line":86},"11":{"loc":{"start":{"line":86,"column":20},"end":{"line":86,"column":46}},"type":"binary-expr","locations":[{"start":{"line":86,"column":20},"end":{"line":86,"column":26}},{"start":{"line":86,"column":30},"end":{"line":86,"column":46}}],"line":86},"12":{"loc":{"start":{"line":107,"column":8},"end":{"line":120,"column":9}},"type":"if","locations":[{"start":{"line":107,"column":8},"end":{"line":120,"column":9}},{"start":{"line":117,"column":15},"end":{"line":120,"column":9}}],"line":107},"13":{"loc":{"start":{"line":108,"column":10},"end":{"line":109,"column":75}},"type":"binary-expr","locations":[{"start":{"line":108,"column":10},"end":{"line":108,"column":33}},{"start":{"line":109,"column":11},"end":{"line":109,"column":30}},{"start":{"line":109,"column":34},"end":{"line":109,"column":74}}],"line":108},"14":{"loc":{"start":{"line":128,"column":4},"end":{"line":136,"column":5}},"type":"if","locations":[{"start":{"line":128,"column":4},"end":{"line":136,"column":5}},{"start":{},"end":{}}],"line":128}},"s":{"0":0,"1":0,"2":0,"3":0,"4":0,"5":0,"6":0,"7":0,"8":0,"9":0,"10":0,"11":0,"12":0,"13":0,"14":0,"15":0,"16":0,"17":0,"18":0,"19":0,"20":0,"21":0,"22":0,"23":0,"24":0,"25":0,"26":0,"27":0,"28":0,"29":0,"30":0,"31":0,"32":0,"33":0,"34":0,"35":0,"36":0,"37":0,"38":0},"f":{"0":0,"1":0,"2":0,"3":0,"4":0,"5":0,"6":0,"7":0,"8":0,"9":0,"10":0,"11":0,"12":0,"13":0,"14":0,"15":0},"b":{"0":[0,0,0],"1":[0,0],"2":[0,0],"3":[0,0],"4":[0,0],"5":[0,0],"6":[0,0],"7":[0,0],"8":[0,0],"9":[0,0],"10":[0,0],"11":[0,0],"12":[0,0],"13":[0,0,0],"14":[0,0]}}
}
