{"/Users/simonloik/careerfoundry/meet/src/App.js": {"path":"/Users/simonloik/careerfoundry/meet/src/App.js","statementMap":{"0":{"start":{"line":10,"column":30},"end":{"line":12,"column":1}},"1":{"start":{"line":15,"column":10},"end":{"line":18,"column":3}},"2":{"start":{"line":21,"column":4},"end":{"line":21,"column":24}},"3":{"start":{"line":22,"column":4},"end":{"line":26,"column":7}},"4":{"start":{"line":23,"column":6},"end":{"line":25,"column":7}},"5":{"start":{"line":24,"column":8},"end":{"line":24,"column":71}},"6":{"start":{"line":29,"column":4},"end":{"line":29,"column":25}},"7":{"start":{"line":32,"column":17},"end":{"line":41,"column":3}},"8":{"start":{"line":33,"column":4},"end":{"line":40,"column":7}},"9":{"start":{"line":34,"column":29},"end":{"line":36,"column":61}},"10":{"start":{"line":36,"column":33},"end":{"line":36,"column":60}},"11":{"start":{"line":37,"column":6},"end":{"line":39,"column":9}},"12":{"start":{"line":44,"column":4},"end":{"line":50,"column":6}}},"fnMap":{"0":{"name":"(anonymous_0)","decl":{"start":{"line":10,"column":30},"end":{"line":10,"column":31}},"loc":{"start":{"line":10,"column":42},"end":{"line":12,"column":1}},"line":10},"1":{"name":"(anonymous_1)","decl":{"start":{"line":20,"column":2},"end":{"line":20,"column":3}},"loc":{"start":{"line":20,"column":22},"end":{"line":27,"column":3}},"line":20},"2":{"name":"(anonymous_2)","decl":{"start":{"line":22,"column":21},"end":{"line":22,"column":22}},"loc":{"start":{"line":22,"column":33},"end":{"line":26,"column":5}},"line":22},"3":{"name":"(anonymous_3)","decl":{"start":{"line":28,"column":2},"end":{"line":28,"column":3}},"loc":{"start":{"line":28,"column":24},"end":{"line":30,"column":3}},"line":28},"4":{"name":"(anonymous_4)","decl":{"start":{"line":32,"column":17},"end":{"line":32,"column":18}},"loc":{"start":{"line":32,"column":31},"end":{"line":41,"column":3}},"line":32},"5":{"name":"(anonymous_5)","decl":{"start":{"line":33,"column":21},"end":{"line":33,"column":22}},"loc":{"start":{"line":33,"column":33},"end":{"line":40,"column":5}},"line":33},"6":{"name":"(anonymous_6)","decl":{"start":{"line":36,"column":22},"end":{"line":36,"column":23}},"loc":{"start":{"line":36,"column":33},"end":{"line":36,"column":60}},"line":36},"7":{"name":"(anonymous_7)","decl":{"start":{"line":43,"column":2},"end":{"line":43,"column":3}},"loc":{"start":{"line":43,"column":11},"end":{"line":51,"column":3}},"line":43}},"branchMap":{"0":{"loc":{"start":{"line":23,"column":6},"end":{"line":25,"column":7}},"type":"if","locations":[{"start":{"line":23,"column":6},"end":{"line":25,"column":7}},{"start":{},"end":{}}],"line":23},"1":{"loc":{"start":{"line":34,"column":29},"end":{"line":36,"column":61}},"type":"cond-expr","locations":[{"start":{"line":35,"column":8},"end":{"line":35,"column":14}},{"start":{"line":36,"column":8},"end":{"line":36,"column":61}}],"line":34}},"s":{"0":0,"1":0,"2":0,"3":0,"4":0,"5":0,"6":0,"7":0,"8":0,"9":0,"10":0,"11":0,"12":0},"f":{"0":0,"1":0,"2":0,"3":0,"4":0,"5":0,"6":0,"7":0},"b":{"0":[0,0],"1":[0,0]}}
,"/Users/simonloik/careerfoundry/meet/src/CitySearch.js": {"path":"/Users/simonloik/careerfoundry/meet/src/CitySearch.js","statementMap":{"0":{"start":{"line":4,"column":12},"end":{"line":8,"column":7}},"1":{"start":{"line":10,"column":27},"end":{"line":19,"column":7}},"2":{"start":{"line":11,"column":22},"end":{"line":11,"column":40}},"3":{"start":{"line":12,"column":28},"end":{"line":14,"column":12}},"4":{"start":{"line":13,"column":12},"end":{"line":13,"column":76}},"5":{"start":{"line":15,"column":8},"end":{"line":18,"column":11}},"6":{"start":{"line":21,"column":26},"end":{"line":28,"column":7}},"7":{"start":{"line":22,"column":8},"end":{"line":25,"column":11}},"8":{"start":{"line":27,"column":8},"end":{"line":27,"column":44}},"9":{"start":{"line":31,"column":4},"end":{"line":52,"column":6}},"10":{"start":{"line":38,"column":25},"end":{"line":38,"column":65}},"11":{"start":{"line":42,"column":12},"end":{"line":45,"column":30}},"12":{"start":{"line":44,"column":29},"end":{"line":44,"column":63}},"13":{"start":{"line":47,"column":31},"end":{"line":47,"column":60}}},"fnMap":{"0":{"name":"(anonymous_0)","decl":{"start":{"line":10,"column":27},"end":{"line":10,"column":28}},"loc":{"start":{"line":10,"column":38},"end":{"line":19,"column":7}},"line":10},"1":{"name":"(anonymous_1)","decl":{"start":{"line":12,"column":56},"end":{"line":12,"column":57}},"loc":{"start":{"line":12,"column":70},"end":{"line":14,"column":11}},"line":12},"2":{"name":"(anonymous_2)","decl":{"start":{"line":21,"column":26},"end":{"line":21,"column":27}},"loc":{"start":{"line":21,"column":42},"end":{"line":28,"column":7}},"line":21},"3":{"name":"(anonymous_3)","decl":{"start":{"line":30,"column":2},"end":{"line":30,"column":3}},"loc":{"start":{"line":30,"column":11},"end":{"line":53,"column":3}},"line":30},"4":{"name":"(anonymous_4)","decl":{"start":{"line":38,"column":17},"end":{"line":38,"column":18}},"loc":{"start":{"line":38,"column":23},"end":{"line":38,"column":67}},"line":38},"5":{"name":"(anonymous_5)","decl":{"start":{"line":41,"column":36},"end":{"line":41,"column":37}},"loc":{"start":{"line":42,"column":12},"end":{"line":45,"column":30}},"line":42},"6":{"name":"(anonymous_6)","decl":{"start":{"line":44,"column":23},"end":{"line":44,"column":24}},"loc":{"start":{"line":44,"column":29},"end":{"line":44,"column":63}},"line":44},"7":{"name":"(anonymous_7)","decl":{"start":{"line":47,"column":25},"end":{"line":47,"column":26}},"loc":{"start":{"line":47,"column":31},"end":{"line":47,"column":60}},"line":47}},"branchMap":{"0":{"loc":{"start":{"line":40,"column":41},"end":{"line":40,"column":93}},"type":"cond-expr","locations":[{"start":{"line":40,"column":70},"end":{"line":40,"column":72}},{"start":{"line":40,"column":74},"end":{"line":40,"column":93}}],"line":40}},"s":{"0":0,"1":0,"2":0,"3":0,"4":0,"5":0,"6":0,"7":0,"8":0,"9":0,"10":0,"11":0,"12":0,"13":0},"f":{"0":0,"1":0,"2":0,"3":0,"4":0,"5":0,"6":0,"7":0},"b":{"0":[0,0]}}
,"/Users/simonloik/careerfoundry/meet/src/EventList.js": {"path":"/Users/simonloik/careerfoundry/meet/src/EventList.js","statementMap":{"0":{"start":{"line":6,"column":25},"end":{"line":6,"column":35}},"1":{"start":{"line":7,"column":4},"end":{"line":14,"column":6}},"2":{"start":{"line":10,"column":12},"end":{"line":12,"column":17}}},"fnMap":{"0":{"name":"(anonymous_0)","decl":{"start":{"line":5,"column":2},"end":{"line":5,"column":3}},"loc":{"start":{"line":5,"column":11},"end":{"line":15,"column":3}},"line":5},"1":{"name":"(anonymous_1)","decl":{"start":{"line":9,"column":22},"end":{"line":9,"column":23}},"loc":{"start":{"line":10,"column":12},"end":{"line":12,"column":17}},"line":10}},"branchMap":{},"s":{"0":0,"1":0,"2":0},"f":{"0":0,"1":0},"b":{}}
,"/Users/simonloik/careerfoundry/meet/src/NumberOfEvents.js": {"path":"/Users/simonloik/careerfoundry/meet/src/NumberOfEvents.js","statementMap":{"0":{"start":{"line":7,"column":4},"end":{"line":15,"column":6}}},"fnMap":{"0":{"name":"(anonymous_0)","decl":{"start":{"line":6,"column":2},"end":{"line":6,"column":3}},"loc":{"start":{"line":6,"column":11},"end":{"line":16,"column":3}},"line":6}},"branchMap":{},"s":{"0":0},"f":{"0":0},"b":{}}
,"/Users/simonloik/careerfoundry/meet/src/mock-data.js": {"path":"/Users/simonloik/careerfoundry/meet/src/mock-data.js","statementMap":{"0":{"start":{"line":1,"column":17},"end":{"line":80,"column":1}}},"fnMap":{},"branchMap":{},"s":{"0":0},"f":{},"b":{}}
}
